2025-10-17 00:22:19 ORG check: '[Privat] Sydney Sweeney3'
2025-10-17 00:22:19 ORG exists: id=335
2025-10-17 00:22:20 ORG check: '[Privat] Sydney Sweeney3'
2025-10-17 00:22:20 ORG exists: id=335
2025-10-17 00:25:38 ORG check: '[Privat] Sydney Sweeney4'
2025-10-17 00:25:38 ORG create POST
2025-10-17 00:25:40 ORG check: '[Privat] Sydney Sweeney4'
2025-10-17 00:25:40 ORG exists: id=336
2025-10-17 00:30:34 ORG check: '[Privat] Sydney Sweeney5'
2025-10-17 00:30:34 ORG create POST
2025-10-17 00:30:35 ORG check: '[Privat] Sydney Sweeney5'
2025-10-17 00:30:35 ORG create POST
2025-10-17 00:32:12 ORG check: '[Privat] Sydney Sweeney'
2025-10-17 00:32:12 ORG exists: id=332
2025-10-17 00:32:12 ORG check: '[Privat] Sydney Sweeney'
2025-10-17 00:32:12 ORG exists: id=332
2025-10-17 00:34:22 ORG check: '[Privat] Sydney Sweeney8'
2025-10-17 00:34:23 ORG create POST
2025-10-17 00:34:23 ORG created: id=339
2025-10-17 00:34:24 ORG check: '[Privat] Sydney Sweeney8'
2025-10-17 00:34:24 ORG exists: id=339
2025-10-17 00:35:35 ORG check: '[Privat] Sydney Sweeney9'
2025-10-17 00:35:35 ORG create POST
2025-10-17 00:35:36 ORG check: '[Privat] Sydney Sweeney9'
2025-10-17 00:35:36 ORG exists: id=340
2025-10-17 00:42:06 ORG check: '[Privat] Sydney Sweeneyy'
2025-10-17 00:42:06 ORG exists: id=343
2025-10-17 00:42:06 ORG check: '[Privat] Sydney Sweeneyy'
2025-10-17 00:42:06 ORG exists: id=343
2025-10-17 00:42:48 ORG check: '[Privat] Sydney Sweeneyy2'
2025-10-17 00:42:48 ORG create POST
2025-10-17 00:42:49 ORG check: '[Privat] Sydney Sweeneyy2'
2025-10-17 00:42:49 ORG create POST
2025-10-17 00:42:52 ORG check: '[Privat] Sydney Sweeneyy2'
2025-10-17 00:42:52 ORG exists: id=345
2025-10-17 00:42:52 ORG check: '[Privat] Sydney Sweeneyy2'
2025-10-17 00:42:52 ORG exists: id=345
2025-10-17 00:47:17 ORG check: '[Privat] Sydney Sweeneyy2'
2025-10-17 00:47:17 ORG exists: id=345
2025-10-17 00:47:18 ORG check: '[Privat] Sydney Sweeneyy2'
2025-10-17 00:47:18 ORG exists: id=345
2025-10-17 00:47:27 ORG check: '[Privat] Sydney Sweeneyy23'
2025-10-17 00:47:27 ORG create POST
2025-10-17 00:47:28 ORG check: '[Privat] Sydney Sweeneyy23'
2025-10-17 00:47:28 ORG create POST
2025-10-17 00:48:31 ORG check: '[Privat] Sydney Sweeneyy24'
2025-10-17 00:48:31 ORG create POST
2025-10-17 00:48:34 ORG check: '[Privat] Sydney Sweeneyy24'
2025-10-17 00:48:34 ORG exists: id=349
2025-10-17 00:48:35 ORG check: '[Privat] Sydney Sweeneyy24'
2025-10-17 00:48:35 ORG exists: id=349
2025-10-17 00:48:37 ORG check: '[Privat] Sydney Sweeneyy24'
2025-10-17 00:48:37 ORG exists: id=349
2025-10-17 00:48:45 ORG check: '[Privat] Sydney Sweeneyy24'
2025-10-17 00:48:45 ORG exists: id=349
2025-10-17 00:48:47 ORG check: '[Privat] Sydney Sweeneyy24'
2025-10-17 00:48:47 ORG exists: id=349
2025-10-17 00:49:16 ORG check: '[Privat] Lars Monsen'
2025-10-17 00:49:16 ORG create POST
2025-10-17 00:49:19 ORG check: '[Privat] Lars Monsen'
2025-10-17 00:49:19 ORG exists: id=350
2025-10-17 00:54:26 ORG check: '[Privat] Lars Monsen1'
2025-10-17 00:54:26 ORG create POST
2025-10-17 00:54:29 ORG check: '[Privat] Lars Monsen1'
2025-10-17 00:54:29 ORG exists: id=351
2025-10-17 00:54:32 ORG check: '[Privat] Lars Monsen1'
2025-10-17 00:54:32 ORG exists: id=351
2025-10-17 00:54:34 ORG check: '[Privat] Lars Monsen1'
2025-10-17 00:54:34 ORG exists: id=351
2025-10-17 00:56:49 ORG check: '[Privat] Lars Monscen1'
2025-10-17 00:56:49 ORG create POST
2025-10-17 00:56:52 ORG check: '[Privat] Lars Monscen1'
2025-10-17 00:56:52 ORG exists: id=352
